{"/home/david/Private/hub/common/qlobber/Gruntfile.js":{"path":"/home/david/Private/hub/common/qlobber/Gruntfile.js","s":{"1":1,"2":1,"3":1,"4":1,"5":1,"6":1,"7":1,"8":1,"9":1,"10":1,"11":1,"12":1,"13":1,"14":1,"15":1},"b":{},"f":{"1":1},"fnMap":{"1":{"name":"(anonymous_1)","line":4,"loc":{"start":{"line":4,"column":17},"end":{"line":5,"column":0}}}},"statementMap":{"1":{"start":{"line":2,"column":0},"end":{"line":2,"column":13}},"2":{"start":{"line":4,"column":0},"end":{"line":61,"column":2}},"3":{"start":{"line":6,"column":4},"end":{"line":46,"column":7}},"4":{"start":{"line":48,"column":4},"end":{"line":48,"column":39}},"5":{"start":{"line":49,"column":4},"end":{"line":49,"column":43}},"6":{"start":{"line":50,"column":4},"end":{"line":50,"column":39}},"7":{"start":{"line":51,"column":4},"end":{"line":51,"column":37}},"8":{"start":{"line":53,"column":4},"end":{"line":53,"column":41}},"9":{"start":{"line":54,"column":4},"end":{"line":54,"column":44}},"10":{"start":{"line":55,"column":4},"end":{"line":55,"column":41}},"11":{"start":{"line":56,"column":4},"end":{"line":56,"column":71}},"12":{"start":{"line":57,"column":4},"end":{"line":57,"column":54}},"13":{"start":{"line":58,"column":4},"end":{"line":58,"column":46}},"14":{"start":{"line":59,"column":4},"end":{"line":59,"column":58}},"15":{"start":{"line":60,"column":4},"end":{"line":60,"column":59}}},"branchMap":{}},"/home/david/Private/hub/common/qlobber/index.js":{"path":"/home/david/Private/hub/common/qlobber/index.js","s":{"1":1,"2":1},"b":{},"f":{},"fnMap":{},"statementMap":{"1":{"start":{"line":2,"column":0},"end":{"line":2,"column":13}},"2":{"start":{"line":3,"column":0},"end":{"line":3,"column":42}}},"branchMap":{}},"/home/david/Private/hub/common/qlobber/lib/qlobber.js":{"path":"/home/david/Private/hub/common/qlobber/lib/qlobber.js","s":{"1":1,"2":1,"3":12,"4":12,"5":12,"6":12,"7":12,"8":1,"9":569,"10":569,"11":165,"12":165,"13":6,"14":159,"15":165,"16":404,"17":404,"18":404,"19":203,"20":404,"21":1,"22":111,"23":111,"24":33,"25":33,"26":32,"27":5,"28":27,"29":27,"30":26,"31":32,"32":30,"33":33,"34":78,"35":78,"36":78,"37":1,"38":77,"39":77,"40":43,"41":34,"42":1,"43":1911,"44":1911,"45":1911,"46":972,"47":1174,"48":260,"49":464,"50":260,"51":972,"52":1911,"53":1112,"54":1112,"55":1017,"56":799,"57":799,"58":797,"59":797,"60":154,"61":799,"62":785,"63":785,"64":256,"65":1911,"66":1,"67":165,"68":165,"69":1,"70":34,"71":7,"72":34,"73":34,"74":1,"75":65,"76":1,"77":1,"78":1,"79":1,"80":4,"81":1},"b":{"1":[12,11],"2":[12,11],"3":[12,11],"4":[12,11],"5":[165,404],"6":[6,159],"7":[203,201],"8":[33,78],"9":[32,1],"10":[5,27],"11":[26,1],"12":[30,2],"13":[1,77],"14":[972,939],"15":[260,914],"16":[1112,799],"17":[1017,95],"18":[797,2],"19":[799,798],"20":[154,643],"21":[785,14],"22":[256,529],"23":[7,27]},"f":{"1":12,"2":569,"3":111,"4":1911,"5":165,"6":34,"7":65,"8":1,"9":4},"fnMap":{"1":{"name":"Qlobber","line":113,"loc":{"start":{"line":113,"column":0},"end":{"line":114,"column":0}}},"2":{"name":"(anonymous_2)","line":123,"loc":{"start":{"line":123,"column":25},"end":{"line":124,"column":0}}},"3":{"name":"(anonymous_3)","line":154,"loc":{"start":{"line":154,"column":28},"end":{"line":155,"column":0}}},"4":{"name":"(anonymous_4)","line":205,"loc":{"start":{"line":205,"column":27},"end":{"line":206,"column":0}}},"5":{"name":"(anonymous_5)","line":279,"loc":{"start":{"line":279,"column":24},"end":{"line":280,"column":0}}},"6":{"name":"(anonymous_6)","line":292,"loc":{"start":{"line":292,"column":27},"end":{"line":293,"column":0}}},"7":{"name":"(anonymous_7)","line":309,"loc":{"start":{"line":309,"column":26},"end":{"line":310,"column":0}}},"8":{"name":"(anonymous_8)","line":321,"loc":{"start":{"line":321,"column":26},"end":{"line":322,"column":0}}},"9":{"name":"(anonymous_9)","line":328,"loc":{"start":{"line":328,"column":29},"end":{"line":329,"column":0}}}},"statementMap":{"1":{"start":{"line":99,"column":0},"end":{"line":99,"column":13}},"2":{"start":{"line":113,"column":0},"end":{"line":121,"column":1}},"3":{"start":{"line":115,"column":4},"end":{"line":115,"column":28}},"4":{"start":{"line":117,"column":4},"end":{"line":117,"column":47}},"5":{"start":{"line":118,"column":4},"end":{"line":118,"column":53}},"6":{"start":{"line":119,"column":4},"end":{"line":119,"column":55}},"7":{"start":{"line":120,"column":4},"end":{"line":120,"column":20}},"8":{"start":{"line":123,"column":0},"end":{"line":152,"column":2}},"9":{"start":{"line":125,"column":4},"end":{"line":125,"column":17}},"10":{"start":{"line":127,"column":4},"end":{"line":141,"column":5}},"11":{"start":{"line":129,"column":8},"end":{"line":129,"column":39}},"12":{"start":{"line":131,"column":8},"end":{"line":138,"column":9}},"13":{"start":{"line":133,"column":12},"end":{"line":133,"column":25}},"14":{"start":{"line":137,"column":12},"end":{"line":137,"column":46}},"15":{"start":{"line":140,"column":8},"end":{"line":140,"column":15}},"16":{"start":{"line":143,"column":4},"end":{"line":143,"column":20}},"17":{"start":{"line":144,"column":4},"end":{"line":146,"column":4}},"18":{"start":{"line":146,"column":4},"end":{"line":149,"column":5}},"19":{"start":{"line":148,"column":8},"end":{"line":148,"column":33}},"20":{"start":{"line":151,"column":4},"end":{"line":151,"column":37}},"21":{"start":{"line":154,"column":0},"end":{"line":203,"column":2}},"22":{"start":{"line":156,"column":4},"end":{"line":156,"column":27}},"23":{"start":{"line":158,"column":4},"end":{"line":185,"column":5}},"24":{"start":{"line":160,"column":8},"end":{"line":160,"column":39}},"25":{"start":{"line":162,"column":8},"end":{"line":182,"column":9}},"26":{"start":{"line":164,"column":12},"end":{"line":176,"column":13}},"27":{"start":{"line":166,"column":16},"end":{"line":166,"column":24}},"28":{"start":{"line":170,"column":16},"end":{"line":170,"column":44}},"29":{"start":{"line":172,"column":16},"end":{"line":175,"column":17}},"30":{"start":{"line":174,"column":20},"end":{"line":174,"column":40}},"31":{"start":{"line":178,"column":12},"end":{"line":181,"column":13}},"32":{"start":{"line":180,"column":16},"end":{"line":180,"column":49}},"33":{"start":{"line":184,"column":8},"end":{"line":184,"column":15}},"34":{"start":{"line":187,"column":4},"end":{"line":187,"column":20}},"35":{"start":{"line":188,"column":4},"end":{"line":188,"column":24}},"36":{"start":{"line":190,"column":4},"end":{"line":193,"column":5}},"37":{"start":{"line":192,"column":8},"end":{"line":192,"column":15}},"38":{"start":{"line":195,"column":4},"end":{"line":195,"column":40}},"39":{"start":{"line":197,"column":4},"end":{"line":200,"column":5}},"40":{"start":{"line":199,"column":8},"end":{"line":199,"column":15}},"41":{"start":{"line":202,"column":4},"end":{"line":202,"column":26}},"42":{"start":{"line":205,"column":0},"end":{"line":268,"column":2}},"43":{"start":{"line":207,"column":4},"end":{"line":207,"column":23}},"44":{"start":{"line":209,"column":4},"end":{"line":209,"column":39}},"45":{"start":{"line":211,"column":4},"end":{"line":231,"column":5}},"46":{"start":{"line":216,"column":8},"end":{"line":227,"column":9}},"47":{"start":{"line":218,"column":12},"end":{"line":226,"column":13}},"48":{"start":{"line":220,"column":16},"end":{"line":223,"column":17}},"49":{"start":{"line":222,"column":20},"end":{"line":222,"column":53}},"50":{"start":{"line":225,"column":16},"end":{"line":225,"column":22}},"51":{"start":{"line":230,"column":8},"end":{"line":230,"column":52}},"52":{"start":{"line":233,"column":4},"end":{"line":265,"column":5}},"53":{"start":{"line":235,"column":8},"end":{"line":235,"column":39}},"54":{"start":{"line":237,"column":8},"end":{"line":240,"column":9}},"55":{"start":{"line":239,"column":12},"end":{"line":239,"column":29}},"56":{"start":{"line":244,"column":8},"end":{"line":244,"column":24}},"57":{"start":{"line":246,"column":8},"end":{"line":254,"column":9}},"58":{"start":{"line":248,"column":12},"end":{"line":248,"column":32}},"59":{"start":{"line":250,"column":12},"end":{"line":253,"column":13}},"60":{"start":{"line":252,"column":16},"end":{"line":252,"column":53}},"61":{"start":{"line":256,"column":8},"end":{"line":264,"column":9}},"62":{"start":{"line":258,"column":12},"end":{"line":258,"column":46}},"63":{"start":{"line":260,"column":12},"end":{"line":263,"column":13}},"64":{"start":{"line":262,"column":16},"end":{"line":262,"column":53}},"65":{"start":{"line":267,"column":4},"end":{"line":267,"column":13}},"66":{"start":{"line":279,"column":0},"end":{"line":283,"column":2}},"67":{"start":{"line":281,"column":4},"end":{"line":281,"column":64}},"68":{"start":{"line":282,"column":4},"end":{"line":282,"column":16}},"69":{"start":{"line":292,"column":0},"end":{"line":301,"column":2}},"70":{"start":{"line":294,"column":4},"end":{"line":297,"column":5}},"71":{"start":{"line":296,"column":8},"end":{"line":296,"column":24}},"72":{"start":{"line":299,"column":4},"end":{"line":299,"column":67}},"73":{"start":{"line":300,"column":4},"end":{"line":300,"column":16}},"74":{"start":{"line":309,"column":0},"end":{"line":312,"column":2}},"75":{"start":{"line":311,"column":4},"end":{"line":311,"column":72}},"76":{"start":{"line":321,"column":0},"end":{"line":325,"column":2}},"77":{"start":{"line":323,"column":4},"end":{"line":323,"column":20}},"78":{"start":{"line":324,"column":4},"end":{"line":324,"column":16}},"79":{"start":{"line":328,"column":0},"end":{"line":331,"column":2}},"80":{"start":{"line":330,"column":4},"end":{"line":330,"column":22}},"81":{"start":{"line":333,"column":0},"end":{"line":333,"column":26}}},"branchMap":{"1":{"line":115,"type":"binary-expr","locations":[{"start":{"line":115,"column":14},"end":{"line":115,"column":21}},{"start":{"line":115,"column":25},"end":{"line":115,"column":27}}]},"2":{"line":117,"type":"binary-expr","locations":[{"start":{"line":117,"column":22},"end":{"line":117,"column":39}},{"start":{"line":117,"column":43},"end":{"line":117,"column":46}}]},"3":{"line":118,"type":"binary-expr","locations":[{"start":{"line":118,"column":25},"end":{"line":118,"column":45}},{"start":{"line":118,"column":49},"end":{"line":118,"column":52}}]},"4":{"line":119,"type":"binary-expr","locations":[{"start":{"line":119,"column":26},"end":{"line":119,"column":47}},{"start":{"line":119,"column":51},"end":{"line":119,"column":54}}]},"5":{"line":127,"type":"if","locations":[{"start":{"line":127,"column":4},"end":{"line":127,"column":4}},{"start":{"line":127,"column":4},"end":{"line":127,"column":4}}]},"6":{"line":131,"type":"if","locations":[{"start":{"line":131,"column":8},"end":{"line":131,"column":8}},{"start":{"line":131,"column":8},"end":{"line":131,"column":8}}]},"7":{"line":146,"type":"if","locations":[{"start":{"line":146,"column":4},"end":{"line":146,"column":4}},{"start":{"line":146,"column":4},"end":{"line":146,"column":4}}]},"8":{"line":158,"type":"if","locations":[{"start":{"line":158,"column":4},"end":{"line":158,"column":4}},{"start":{"line":158,"column":4},"end":{"line":158,"column":4}}]},"9":{"line":162,"type":"if","locations":[{"start":{"line":162,"column":8},"end":{"line":162,"column":8}},{"start":{"line":162,"column":8},"end":{"line":162,"column":8}}]},"10":{"line":164,"type":"if","locations":[{"start":{"line":164,"column":12},"end":{"line":164,"column":12}},{"start":{"line":164,"column":12},"end":{"line":164,"column":12}}]},"11":{"line":172,"type":"if","locations":[{"start":{"line":172,"column":16},"end":{"line":172,"column":16}},{"start":{"line":172,"column":16},"end":{"line":172,"column":16}}]},"12":{"line":178,"type":"if","locations":[{"start":{"line":178,"column":12},"end":{"line":178,"column":12}},{"start":{"line":178,"column":12},"end":{"line":178,"column":12}}]},"13":{"line":190,"type":"if","locations":[{"start":{"line":190,"column":4},"end":{"line":190,"column":4}},{"start":{"line":190,"column":4},"end":{"line":190,"column":4}}]},"14":{"line":211,"type":"if","locations":[{"start":{"line":211,"column":4},"end":{"line":211,"column":4}},{"start":{"line":211,"column":4},"end":{"line":211,"column":4}}]},"15":{"line":218,"type":"if","locations":[{"start":{"line":218,"column":12},"end":{"line":218,"column":12}},{"start":{"line":218,"column":12},"end":{"line":218,"column":12}}]},"16":{"line":233,"type":"if","locations":[{"start":{"line":233,"column":4},"end":{"line":233,"column":4}},{"start":{"line":233,"column":4},"end":{"line":233,"column":4}}]},"17":{"line":237,"type":"if","locations":[{"start":{"line":237,"column":8},"end":{"line":237,"column":8}},{"start":{"line":237,"column":8},"end":{"line":237,"column":8}}]},"18":{"line":246,"type":"if","locations":[{"start":{"line":246,"column":8},"end":{"line":246,"column":8}},{"start":{"line":246,"column":8},"end":{"line":246,"column":8}}]},"19":{"line":246,"type":"binary-expr","locations":[{"start":{"line":246,"column":13},"end":{"line":246,"column":40}},{"start":{"line":246,"column":46},"end":{"line":246,"column":74}}]},"20":{"line":250,"type":"if","locations":[{"start":{"line":250,"column":12},"end":{"line":250,"column":12}},{"start":{"line":250,"column":12},"end":{"line":250,"column":12}}]},"21":{"line":256,"type":"if","locations":[{"start":{"line":256,"column":8},"end":{"line":256,"column":8}},{"start":{"line":256,"column":8},"end":{"line":256,"column":8}}]},"22":{"line":260,"type":"if","locations":[{"start":{"line":260,"column":12},"end":{"line":260,"column":12}},{"start":{"line":260,"column":12},"end":{"line":260,"column":12}}]},"23":{"line":294,"type":"if","locations":[{"start":{"line":294,"column":4},"end":{"line":294,"column":4}},{"start":{"line":294,"column":4},"end":{"line":294,"column":4}}]}}}}