{"/home/david/Private/hub/common/qlobber/Gruntfile.js":{"path":"/home/david/Private/hub/common/qlobber/Gruntfile.js","s":{"1":1,"2":1,"3":1,"4":1,"5":1,"6":1,"7":1,"8":1,"9":1,"10":1,"11":1,"12":1},"b":{},"f":{"1":1},"fnMap":{"1":{"name":"(anonymous_1)","line":4,"loc":{"start":{"line":4,"column":17},"end":{"line":5,"column":0}}}},"statementMap":{"1":{"start":{"line":2,"column":0},"end":{"line":2,"column":13}},"2":{"start":{"line":4,"column":0},"end":{"line":46,"column":2}},"3":{"start":{"line":6,"column":4},"end":{"line":34,"column":7}},"4":{"start":{"line":36,"column":4},"end":{"line":36,"column":39}},"5":{"start":{"line":37,"column":4},"end":{"line":37,"column":43}},"6":{"start":{"line":38,"column":4},"end":{"line":38,"column":39}},"7":{"start":{"line":39,"column":4},"end":{"line":39,"column":37}},"8":{"start":{"line":41,"column":4},"end":{"line":41,"column":41}},"9":{"start":{"line":42,"column":4},"end":{"line":42,"column":44}},"10":{"start":{"line":43,"column":4},"end":{"line":43,"column":41}},"11":{"start":{"line":44,"column":4},"end":{"line":44,"column":71}},"12":{"start":{"line":45,"column":4},"end":{"line":45,"column":59}}},"branchMap":{}},"/home/david/Private/hub/common/qlobber/index.js":{"path":"/home/david/Private/hub/common/qlobber/index.js","s":{"1":1,"2":1},"b":{},"f":{},"fnMap":{},"statementMap":{"1":{"start":{"line":2,"column":0},"end":{"line":2,"column":13}},"2":{"start":{"line":3,"column":0},"end":{"line":3,"column":42}}},"branchMap":{}},"/home/david/Private/hub/common/qlobber/lib/qlobber.js":{"path":"/home/david/Private/hub/common/qlobber/lib/qlobber.js","s":{"1":1,"2":1,"3":12,"4":12,"5":12,"6":12,"7":12,"8":1,"9":569,"10":569,"11":165,"12":165,"13":6,"14":159,"15":165,"16":404,"17":404,"18":404,"19":203,"20":404,"21":1,"22":111,"23":111,"24":33,"25":33,"26":32,"27":5,"28":27,"29":27,"30":26,"31":32,"32":30,"33":33,"34":78,"35":78,"36":78,"37":1,"38":77,"39":77,"40":43,"41":34,"42":1,"43":1911,"44":1911,"45":1911,"46":972,"47":1174,"48":260,"49":464,"50":260,"51":972,"52":1911,"53":1112,"54":1112,"55":1017,"56":799,"57":799,"58":797,"59":797,"60":154,"61":799,"62":785,"63":785,"64":256,"65":1911,"66":1,"67":165,"68":1,"69":34,"70":7,"71":34,"72":1,"73":65,"74":1,"75":1,"76":1,"77":4,"78":1},"b":{"1":[12,11],"2":[12,11],"3":[12,11],"4":[12,11],"5":[165,404],"6":[6,159],"7":[203,201],"8":[33,78],"9":[32,1],"10":[5,27],"11":[26,1],"12":[30,2],"13":[1,77],"14":[972,939],"15":[260,914],"16":[1112,799],"17":[1017,95],"18":[797,2],"19":[799,798],"20":[154,643],"21":[785,14],"22":[256,529],"23":[7,27]},"f":{"1":12,"2":569,"3":111,"4":1911,"5":165,"6":34,"7":65,"8":1,"9":4},"fnMap":{"1":{"name":"Qlobber","line":95,"loc":{"start":{"line":95,"column":0},"end":{"line":96,"column":0}}},"2":{"name":"(anonymous_2)","line":105,"loc":{"start":{"line":105,"column":25},"end":{"line":106,"column":0}}},"3":{"name":"(anonymous_3)","line":136,"loc":{"start":{"line":136,"column":28},"end":{"line":137,"column":0}}},"4":{"name":"(anonymous_4)","line":187,"loc":{"start":{"line":187,"column":27},"end":{"line":188,"column":0}}},"5":{"name":"(anonymous_5)","line":260,"loc":{"start":{"line":260,"column":24},"end":{"line":261,"column":0}}},"6":{"name":"(anonymous_6)","line":271,"loc":{"start":{"line":271,"column":27},"end":{"line":272,"column":0}}},"7":{"name":"(anonymous_7)","line":287,"loc":{"start":{"line":287,"column":26},"end":{"line":288,"column":0}}},"8":{"name":"(anonymous_8)","line":297,"loc":{"start":{"line":297,"column":26},"end":{"line":298,"column":0}}},"9":{"name":"(anonymous_9)","line":303,"loc":{"start":{"line":303,"column":29},"end":{"line":304,"column":0}}}},"statementMap":{"1":{"start":{"line":81,"column":0},"end":{"line":81,"column":13}},"2":{"start":{"line":95,"column":0},"end":{"line":103,"column":1}},"3":{"start":{"line":97,"column":4},"end":{"line":97,"column":28}},"4":{"start":{"line":99,"column":4},"end":{"line":99,"column":47}},"5":{"start":{"line":100,"column":4},"end":{"line":100,"column":53}},"6":{"start":{"line":101,"column":4},"end":{"line":101,"column":55}},"7":{"start":{"line":102,"column":4},"end":{"line":102,"column":20}},"8":{"start":{"line":105,"column":0},"end":{"line":134,"column":2}},"9":{"start":{"line":107,"column":4},"end":{"line":107,"column":17}},"10":{"start":{"line":109,"column":4},"end":{"line":123,"column":5}},"11":{"start":{"line":111,"column":8},"end":{"line":111,"column":39}},"12":{"start":{"line":113,"column":8},"end":{"line":120,"column":9}},"13":{"start":{"line":115,"column":12},"end":{"line":115,"column":25}},"14":{"start":{"line":119,"column":12},"end":{"line":119,"column":46}},"15":{"start":{"line":122,"column":8},"end":{"line":122,"column":15}},"16":{"start":{"line":125,"column":4},"end":{"line":125,"column":20}},"17":{"start":{"line":126,"column":4},"end":{"line":128,"column":4}},"18":{"start":{"line":128,"column":4},"end":{"line":131,"column":5}},"19":{"start":{"line":130,"column":8},"end":{"line":130,"column":33}},"20":{"start":{"line":133,"column":4},"end":{"line":133,"column":37}},"21":{"start":{"line":136,"column":0},"end":{"line":185,"column":2}},"22":{"start":{"line":138,"column":4},"end":{"line":138,"column":27}},"23":{"start":{"line":140,"column":4},"end":{"line":167,"column":5}},"24":{"start":{"line":142,"column":8},"end":{"line":142,"column":39}},"25":{"start":{"line":144,"column":8},"end":{"line":164,"column":9}},"26":{"start":{"line":146,"column":12},"end":{"line":158,"column":13}},"27":{"start":{"line":148,"column":16},"end":{"line":148,"column":24}},"28":{"start":{"line":152,"column":16},"end":{"line":152,"column":44}},"29":{"start":{"line":154,"column":16},"end":{"line":157,"column":17}},"30":{"start":{"line":156,"column":20},"end":{"line":156,"column":40}},"31":{"start":{"line":160,"column":12},"end":{"line":163,"column":13}},"32":{"start":{"line":162,"column":16},"end":{"line":162,"column":49}},"33":{"start":{"line":166,"column":8},"end":{"line":166,"column":15}},"34":{"start":{"line":169,"column":4},"end":{"line":169,"column":20}},"35":{"start":{"line":170,"column":4},"end":{"line":170,"column":24}},"36":{"start":{"line":172,"column":4},"end":{"line":175,"column":5}},"37":{"start":{"line":174,"column":8},"end":{"line":174,"column":15}},"38":{"start":{"line":177,"column":4},"end":{"line":177,"column":40}},"39":{"start":{"line":179,"column":4},"end":{"line":182,"column":5}},"40":{"start":{"line":181,"column":8},"end":{"line":181,"column":15}},"41":{"start":{"line":184,"column":4},"end":{"line":184,"column":26}},"42":{"start":{"line":187,"column":0},"end":{"line":250,"column":2}},"43":{"start":{"line":189,"column":4},"end":{"line":189,"column":23}},"44":{"start":{"line":191,"column":4},"end":{"line":191,"column":39}},"45":{"start":{"line":193,"column":4},"end":{"line":213,"column":5}},"46":{"start":{"line":198,"column":8},"end":{"line":209,"column":9}},"47":{"start":{"line":200,"column":12},"end":{"line":208,"column":13}},"48":{"start":{"line":202,"column":16},"end":{"line":205,"column":17}},"49":{"start":{"line":204,"column":20},"end":{"line":204,"column":53}},"50":{"start":{"line":207,"column":16},"end":{"line":207,"column":22}},"51":{"start":{"line":212,"column":8},"end":{"line":212,"column":52}},"52":{"start":{"line":215,"column":4},"end":{"line":247,"column":5}},"53":{"start":{"line":217,"column":8},"end":{"line":217,"column":39}},"54":{"start":{"line":219,"column":8},"end":{"line":222,"column":9}},"55":{"start":{"line":221,"column":12},"end":{"line":221,"column":29}},"56":{"start":{"line":226,"column":8},"end":{"line":226,"column":24}},"57":{"start":{"line":228,"column":8},"end":{"line":236,"column":9}},"58":{"start":{"line":230,"column":12},"end":{"line":230,"column":32}},"59":{"start":{"line":232,"column":12},"end":{"line":235,"column":13}},"60":{"start":{"line":234,"column":16},"end":{"line":234,"column":53}},"61":{"start":{"line":238,"column":8},"end":{"line":246,"column":9}},"62":{"start":{"line":240,"column":12},"end":{"line":240,"column":46}},"63":{"start":{"line":242,"column":12},"end":{"line":245,"column":13}},"64":{"start":{"line":244,"column":16},"end":{"line":244,"column":53}},"65":{"start":{"line":249,"column":4},"end":{"line":249,"column":13}},"66":{"start":{"line":260,"column":0},"end":{"line":263,"column":2}},"67":{"start":{"line":262,"column":4},"end":{"line":262,"column":64}},"68":{"start":{"line":271,"column":0},"end":{"line":279,"column":2}},"69":{"start":{"line":273,"column":4},"end":{"line":276,"column":5}},"70":{"start":{"line":275,"column":8},"end":{"line":275,"column":24}},"71":{"start":{"line":278,"column":4},"end":{"line":278,"column":67}},"72":{"start":{"line":287,"column":0},"end":{"line":290,"column":2}},"73":{"start":{"line":289,"column":4},"end":{"line":289,"column":72}},"74":{"start":{"line":297,"column":0},"end":{"line":300,"column":2}},"75":{"start":{"line":299,"column":4},"end":{"line":299,"column":20}},"76":{"start":{"line":303,"column":0},"end":{"line":306,"column":2}},"77":{"start":{"line":305,"column":4},"end":{"line":305,"column":22}},"78":{"start":{"line":308,"column":0},"end":{"line":308,"column":26}}},"branchMap":{"1":{"line":97,"type":"binary-expr","locations":[{"start":{"line":97,"column":14},"end":{"line":97,"column":21}},{"start":{"line":97,"column":25},"end":{"line":97,"column":27}}]},"2":{"line":99,"type":"binary-expr","locations":[{"start":{"line":99,"column":22},"end":{"line":99,"column":39}},{"start":{"line":99,"column":43},"end":{"line":99,"column":46}}]},"3":{"line":100,"type":"binary-expr","locations":[{"start":{"line":100,"column":25},"end":{"line":100,"column":45}},{"start":{"line":100,"column":49},"end":{"line":100,"column":52}}]},"4":{"line":101,"type":"binary-expr","locations":[{"start":{"line":101,"column":26},"end":{"line":101,"column":47}},{"start":{"line":101,"column":51},"end":{"line":101,"column":54}}]},"5":{"line":109,"type":"if","locations":[{"start":{"line":109,"column":4},"end":{"line":109,"column":4}},{"start":{"line":109,"column":4},"end":{"line":109,"column":4}}]},"6":{"line":113,"type":"if","locations":[{"start":{"line":113,"column":8},"end":{"line":113,"column":8}},{"start":{"line":113,"column":8},"end":{"line":113,"column":8}}]},"7":{"line":128,"type":"if","locations":[{"start":{"line":128,"column":4},"end":{"line":128,"column":4}},{"start":{"line":128,"column":4},"end":{"line":128,"column":4}}]},"8":{"line":140,"type":"if","locations":[{"start":{"line":140,"column":4},"end":{"line":140,"column":4}},{"start":{"line":140,"column":4},"end":{"line":140,"column":4}}]},"9":{"line":144,"type":"if","locations":[{"start":{"line":144,"column":8},"end":{"line":144,"column":8}},{"start":{"line":144,"column":8},"end":{"line":144,"column":8}}]},"10":{"line":146,"type":"if","locations":[{"start":{"line":146,"column":12},"end":{"line":146,"column":12}},{"start":{"line":146,"column":12},"end":{"line":146,"column":12}}]},"11":{"line":154,"type":"if","locations":[{"start":{"line":154,"column":16},"end":{"line":154,"column":16}},{"start":{"line":154,"column":16},"end":{"line":154,"column":16}}]},"12":{"line":160,"type":"if","locations":[{"start":{"line":160,"column":12},"end":{"line":160,"column":12}},{"start":{"line":160,"column":12},"end":{"line":160,"column":12}}]},"13":{"line":172,"type":"if","locations":[{"start":{"line":172,"column":4},"end":{"line":172,"column":4}},{"start":{"line":172,"column":4},"end":{"line":172,"column":4}}]},"14":{"line":193,"type":"if","locations":[{"start":{"line":193,"column":4},"end":{"line":193,"column":4}},{"start":{"line":193,"column":4},"end":{"line":193,"column":4}}]},"15":{"line":200,"type":"if","locations":[{"start":{"line":200,"column":12},"end":{"line":200,"column":12}},{"start":{"line":200,"column":12},"end":{"line":200,"column":12}}]},"16":{"line":215,"type":"if","locations":[{"start":{"line":215,"column":4},"end":{"line":215,"column":4}},{"start":{"line":215,"column":4},"end":{"line":215,"column":4}}]},"17":{"line":219,"type":"if","locations":[{"start":{"line":219,"column":8},"end":{"line":219,"column":8}},{"start":{"line":219,"column":8},"end":{"line":219,"column":8}}]},"18":{"line":228,"type":"if","locations":[{"start":{"line":228,"column":8},"end":{"line":228,"column":8}},{"start":{"line":228,"column":8},"end":{"line":228,"column":8}}]},"19":{"line":228,"type":"binary-expr","locations":[{"start":{"line":228,"column":13},"end":{"line":228,"column":40}},{"start":{"line":228,"column":46},"end":{"line":228,"column":74}}]},"20":{"line":232,"type":"if","locations":[{"start":{"line":232,"column":12},"end":{"line":232,"column":12}},{"start":{"line":232,"column":12},"end":{"line":232,"column":12}}]},"21":{"line":238,"type":"if","locations":[{"start":{"line":238,"column":8},"end":{"line":238,"column":8}},{"start":{"line":238,"column":8},"end":{"line":238,"column":8}}]},"22":{"line":242,"type":"if","locations":[{"start":{"line":242,"column":12},"end":{"line":242,"column":12}},{"start":{"line":242,"column":12},"end":{"line":242,"column":12}}]},"23":{"line":273,"type":"if","locations":[{"start":{"line":273,"column":4},"end":{"line":273,"column":4}},{"start":{"line":273,"column":4},"end":{"line":273,"column":4}}]}}}}