TN:
SF:/home/david/qlobber/index.js
FNF:0
FNH:0
DA:3,1
LF:1
LH:1
BRF:0
BRH:0
end_of_record
TN:
SF:/home/david/qlobber/aedes/qlobber-sub.js
FN:8,QlobberSub
FN:16,(anonymous_1)
FN:25,(anonymous_2)
FN:46,(anonymous_3)
FN:59,(anonymous_4)
FN:87,(anonymous_5)
FN:105,(anonymous_6)
FN:114,(anonymous_7)
FN:119,(anonymous_8)
FNF:9
FNH:9
FNDA:13,QlobberSub
FNDA:20,(anonymous_1)
FNDA:10,(anonymous_2)
FNDA:12,(anonymous_3)
FNDA:14,(anonymous_4)
FNDA:5,(anonymous_5)
FNDA:19,(anonymous_6)
FNDA:11,(anonymous_7)
FNDA:1,(anonymous_8)
DA:4,1
DA:5,1
DA:6,1
DA:10,13
DA:11,13
DA:14,1
DA:16,1
DA:18,20
DA:20,20
DA:25,20
DA:27,10
DA:29,8
DA:31,14
DA:34,2
DA:36,1
DA:38,1
DA:43,20
DA:46,1
DA:48,12
DA:49,12
DA:51,12
DA:53,12
DA:55,11
DA:59,1
DA:62,14
DA:64,10
DA:66,12
DA:74,4
DA:76,2
DA:78,3
DA:87,1
DA:89,5
DA:90,5
DA:92,5
DA:94,5
DA:96,5
DA:98,4
DA:101,5
DA:105,1
DA:107,19
DA:109,19
DA:114,1
DA:116,11
DA:119,1
DA:121,1
DA:122,1
DA:125,1
DA:127,1
DA:128,1
DA:134,1
LF:50
LH:50
BRDA:27,0,0,8
BRDA:27,0,1,2
BRDA:34,1,0,1
BRDA:34,1,1,1
BRDA:53,2,0,11
BRDA:53,2,1,1
BRDA:62,3,0,10
BRDA:62,3,1,4
BRDA:74,4,0,2
BRDA:74,4,1,2
BRDA:96,5,0,4
BRDA:96,5,1,1
BRDA:109,6,0,19
BRDA:109,6,1,15
BRDA:109,6,2,13
BRF:15
BRH:15
end_of_record
TN:
SF:/home/david/qlobber/lib/qlobber.js
FN:117,Qlobber
FN:136,(anonymous_1)
FN:141,(anonymous_2)
FN:146,(anonymous_3)
FN:156,(anonymous_4)
FN:161,(anonymous_5)
FN:178,(anonymous_6)
FN:211,(anonymous_7)
FN:246,(anonymous_8)
FN:265,(anonymous_9)
FN:330,(anonymous_10)
FN:340,(anonymous_11)
FN:362,(anonymous_12)
FN:416,(anonymous_13)
FN:433,(anonymous_14)
FN:482,(anonymous_15)
FN:499,(anonymous_16)
FN:524,(anonymous_17)
FN:539,(anonymous_18)
FN:544,(anonymous_19)
FN:556,(anonymous_20)
FN:568,(anonymous_21)
FN:580,(anonymous_22)
FN:591,(anonymous_23)
FN:601,(anonymous_24)
FN:669,(anonymous_25)
FN:677,(anonymous_26)
FN:749,QlobberDedup
FN:756,(anonymous_28)
FN:761,(anonymous_29)
FN:766,(anonymous_30)
FN:768,(anonymous_31)
FN:774,(anonymous_32)
FN:792,(anonymous_33)
FN:803,(anonymous_34)
FN:821,QlobberTrue
FN:828,(anonymous_36)
FN:833,(anonymous_37)
FN:837,(anonymous_38)
FN:842,(anonymous_39)
FN:855,(anonymous_40)
FN:870,(anonymous_41)
FN:888,VisitorStream
FN:896,(anonymous_43)
FN:926,RestorerStream
FN:934,(anonymous_45)
FN:940,wrap_native
FN:944,(anonymous_47)
FN:959,(anonymous_48)
FN:974,(anonymous_49)
FN:989,(anonymous_50)
FN:1003,(anonymous_51)
FN:1017,(anonymous_52)
FN:1030,(anonymous_53)
FN:1033,(anonymous_54)
FN:1038,(anonymous_55)
FN:1041,(anonymous_56)
FNF:57
FNH:57
FNDA:94,Qlobber
FNDA:578,(anonymous_1)
FNDA:360013,(anonymous_2)
FNDA:1541,(anonymous_3)
FNDA:538,(anonymous_4)
FNDA:39,(anonymous_5)
FNDA:4322216,(anonymous_6)
FNDA:288,(anonymous_7)
FNDA:2908,(anonymous_8)
FNDA:5747,(anonymous_9)
FNDA:177,(anonymous_10)
FNDA:15381,(anonymous_11)
FNDA:28082,(anonymous_12)
FNDA:486,(anonymous_13)
FNDA:952,(anonymous_14)
FNDA:722165,(anonymous_15)
FNDA:720644,(anonymous_16)
FNDA:90,(anonymous_17)
FNDA:92,(anonymous_18)
FNDA:30,(anonymous_19)
FNDA:1227,(anonymous_20)
FNDA:5727,(anonymous_21)
FNDA:7,(anonymous_22)
FNDA:34,(anonymous_23)
FNDA:7,(anonymous_24)
FNDA:27,(anonymous_25)
FNDA:3643,(anonymous_26)
FNDA:32,QlobberDedup
FNDA:395,(anonymous_28)
FNDA:360009,(anonymous_29)
FNDA:1280,(anonymous_30)
FNDA:121281,(anonymous_31)
FNDA:34,(anonymous_32)
FNDA:5732,(anonymous_33)
FNDA:85,(anonymous_34)
FNDA:9,QlobberTrue
FNDA:83,(anonymous_36)
FNDA:2,(anonymous_37)
FNDA:3,(anonymous_38)
FNDA:2,(anonymous_39)
FNDA:130,(anonymous_40)
FNDA:16,(anonymous_41)
FNDA:1,VisitorStream
FNDA:182,(anonymous_43)
FNDA:1,RestorerStream
FNDA:196,(anonymous_45)
FNDA:6,wrap_native
FNDA:81,(anonymous_47)
FNDA:24,(anonymous_48)
FNDA:2,(anonymous_49)
FNDA:30,(anonymous_50)
FNDA:14,(anonymous_51)
FNDA:19,(anonymous_52)
FNDA:7,(anonymous_53)
FNDA:1011,(anonymous_54)
FNDA:3,(anonymous_55)
FNDA:588,(anonymous_56)
DA:102,1
DA:119,94
DA:121,94
DA:122,94
DA:123,94
DA:124,94
DA:125,94
DA:126,94
DA:128,2
DA:130,92
DA:132,9
DA:136,1
DA:138,578
DA:141,1
DA:143,360013
DA:146,1
DA:148,1541
DA:150,1541
DA:152,121543
DA:156,1
DA:158,538
DA:161,1
DA:163,39
DA:165,5
DA:168,34
DA:170,34
DA:172,32
DA:175,34
DA:178,1
DA:182,4322216
DA:184,720640
DA:186,720640
DA:188,720018
DA:192,622
DA:193,622
DA:196,720640
DA:199,3601576
DA:200,3601576
DA:202,3601576
DA:204,832
DA:205,832
DA:208,3601576
DA:211,1
DA:215,288
DA:217,83
DA:219,83
DA:221,71
DA:222,71
DA:225,12
DA:228,205
DA:229,205
DA:231,205
DA:233,6
DA:236,199
DA:238,199
DA:240,91
DA:243,199
DA:246,1
DA:250,2908
DA:252,3556
DA:254,780
DA:256,1392
DA:258,780
DA:262,2908
DA:265,1
DA:269,5747
DA:271,5747
DA:274,2908
DA:276,2908
DA:279,5747
DA:281,3347
DA:283,3347
DA:285,3113
DA:287,138
DA:288,138
DA:289,138
DA:291,2975
DA:293,153
DA:294,153
DA:298,2822
DA:304,2400
DA:306,2400
DA:308,2396
DA:310,2396
DA:312,500
DA:316,2400
DA:318,2360
DA:320,2360
DA:322,749
DA:327,5747
DA:330,1
DA:332,177
DA:337,176
DA:340,1
DA:344,15381
DA:346,19191
DA:348,4542
DA:350,7600
DA:352,896
DA:355,3646
DA:359,14485
DA:362,1
DA:366,28082
DA:368,28082
DA:371,15381
DA:375,1705
DA:379,26377
DA:381,16048
DA:383,16048
DA:385,1062
DA:390,10329
DA:392,10329
DA:394,10325
DA:396,10325
DA:398,503
DA:402,9826
DA:404,9750
DA:406,9750
DA:408,519
DA:413,24293
DA:416,1
DA:420,486
DA:422,608
DA:424,130
DA:426,232
DA:428,130
DA:433,1
DA:437,952
DA:439,952
DA:442,486
DA:444,486
DA:447,952
DA:449,562
DA:451,562
DA:453,540
DA:458,390
DA:460,390
DA:462,386
DA:464,386
DA:466,84
DA:470,390
DA:472,384
DA:474,384
DA:476,121
DA:482,1
DA:483,722165
DA:484,722165
DA:485,5
DA:487,722160
DA:499,1
DA:501,720644
DA:502,720644
DA:504,3
DA:508,720641
DA:509,720640
DA:511,57
DA:514,720643
DA:524,1
DA:526,90
DA:528,3
DA:530,89
DA:539,1
DA:541,92
DA:544,1
DA:546,30
DA:556,1
DA:558,1227
DA:568,1
DA:570,5727
DA:580,1
DA:582,7
DA:583,7
DA:585,1
DA:587,7
DA:591,1
DA:593,34
DA:601,1
DA:603,7
DA:604,7
DA:605,7
DA:607,7
DA:609,455
DA:611,167
DA:614,455
DA:616,455
DA:618,167
DA:620,167
DA:621,167
DA:623,7
DA:626,160
DA:627,160
DA:630,288
DA:631,288
DA:632,288
DA:634,288
DA:636,128
DA:638,128
DA:640,103
DA:642,108
DA:647,25
DA:650,128
DA:651,128
DA:654,160
DA:655,160
DA:656,160
DA:669,1
DA:671,27
DA:673,27
DA:674,27
DA:675,27
DA:677,27
DA:679,3643
DA:682,1040
DA:683,1040
DA:684,1040
DA:685,1040
DA:687,56
DA:689,49
DA:691,56
DA:693,1040
DA:696,469
DA:698,15
DA:702,454
DA:704,469
DA:707,612
DA:709,7
DA:714,1067
DA:715,1067
DA:717,27
DA:718,27
DA:722,1040
DA:723,1040
DA:725,1037
DA:729,25
DA:731,1037
DA:733,1040
DA:734,1040
DA:736,1067
DA:751,32
DA:754,1
DA:756,1
DA:758,395
DA:761,1
DA:763,360009
DA:766,1
DA:768,1280
DA:770,121281
DA:774,1
DA:776,34
DA:778,6
DA:781,28
DA:782,28
DA:792,1
DA:794,5732
DA:803,1
DA:805,85
DA:823,9
DA:826,1
DA:828,1
DA:830,83
DA:833,1
DA:837,1
DA:839,3
DA:842,1
DA:844,2
DA:855,1
DA:857,130
DA:870,1
DA:872,16
DA:875,1
DA:890,1
DA:891,1
DA:894,1
DA:896,1
DA:898,182
DA:900,197
DA:902,197
DA:904,1
DA:905,1
DA:908,196
DA:910,181
DA:928,1
DA:929,1
DA:932,1
DA:934,1
DA:936,196
DA:937,196
DA:945,81
DA:946,81
DA:947,81
DA:948,81
DA:949,81
DA:950,81
DA:951,81
DA:952,81
DA:953,81
DA:954,81
DA:955,81
DA:956,81
DA:961,24
DA:963,24
DA:965,3264
DA:966,3264
DA:968,24
DA:970,3240
DA:976,2
DA:978,2
DA:980,394
DA:981,394
DA:983,2
DA:985,392
DA:990,30
DA:992,29
DA:994,570
DA:995,570
DA:997,29
DA:999,541
DA:1004,14
DA:1006,13
DA:1008,281
DA:1009,281
DA:1011,13
DA:1013,268
DA:1019,19
DA:1020,19
DA:1022,19
DA:1024,2436
DA:1027,19
DA:1032,7
DA:1033,7
DA:1034,1011
DA:1040,3
DA:1041,3
DA:1042,588
DA:1047,6
DA:1048,6
DA:1050,6
DA:1053,1
DA:1055,1
DA:1056,1
DA:1057,1
DA:1058,1
DA:1059,1
DA:1060,1
DA:1066,1
DA:1067,1
DA:1068,1
DA:1069,1
DA:1070,1
DA:1071,1
LF:350
LH:350
BRDA:119,0,0,94
BRDA:119,0,1,62
BRDA:121,1,0,94
BRDA:121,1,1,73
BRDA:122,2,0,94
BRDA:122,2,1,73
BRDA:123,3,0,94
BRDA:123,3,1,73
BRDA:124,4,0,94
BRDA:124,4,1,75
BRDA:126,5,0,2
BRDA:126,5,1,92
BRDA:130,6,0,9
BRDA:130,6,1,83
BRDA:163,7,0,5
BRDA:163,7,1,34
BRDA:170,8,0,32
BRDA:170,8,1,2
BRDA:182,9,0,720640
BRDA:182,9,1,3601576
BRDA:186,10,0,720018
BRDA:186,10,1,622
BRDA:202,11,0,832
BRDA:202,11,1,3600744
BRDA:215,12,0,83
BRDA:215,12,1,205
BRDA:219,13,0,71
BRDA:219,13,1,12
BRDA:219,14,0,83
BRDA:219,14,1,81
BRDA:231,15,0,6
BRDA:231,15,1,199
BRDA:238,16,0,91
BRDA:238,16,1,108
BRDA:252,17,0,780
BRDA:252,17,1,2776
BRDA:271,18,0,2908
BRDA:271,18,1,2839
BRDA:279,19,0,3347
BRDA:279,19,1,2400
BRDA:283,20,0,3113
BRDA:283,20,1,234
BRDA:285,21,0,138
BRDA:285,21,1,2975
BRDA:291,22,0,153
BRDA:291,22,1,2822
BRDA:306,23,0,2396
BRDA:306,23,1,4
BRDA:306,24,0,2400
BRDA:306,24,1,2398
BRDA:310,25,0,500
BRDA:310,25,1,1896
BRDA:316,26,0,2360
BRDA:316,26,1,40
BRDA:320,27,0,749
BRDA:320,27,1,1611
BRDA:337,28,0,176
BRDA:337,28,1,138
BRDA:346,29,0,4542
BRDA:346,29,1,14649
BRDA:350,30,0,896
BRDA:350,30,1,6704
BRDA:368,31,0,15381
BRDA:368,31,1,12701
BRDA:371,32,0,1705
BRDA:371,32,1,13676
BRDA:371,33,0,15381
BRDA:371,33,1,14485
BRDA:379,34,0,16048
BRDA:379,34,1,10329
BRDA:383,35,0,1062
BRDA:383,35,1,14986
BRDA:383,36,0,16048
BRDA:383,36,1,15130
BRDA:392,37,0,10325
BRDA:392,37,1,4
BRDA:392,38,0,10329
BRDA:392,38,1,10327
BRDA:396,39,0,503
BRDA:396,39,1,9822
BRDA:396,40,0,10325
BRDA:396,40,1,2160
BRDA:402,41,0,9750
BRDA:402,41,1,76
BRDA:406,42,0,519
BRDA:406,42,1,9231
BRDA:406,43,0,9750
BRDA:406,43,1,2611
BRDA:422,44,0,130
BRDA:422,44,1,478
BRDA:439,45,0,486
BRDA:439,45,1,466
BRDA:447,46,0,562
BRDA:447,46,1,390
BRDA:451,47,0,540
BRDA:451,47,1,22
BRDA:460,48,0,386
BRDA:460,48,1,4
BRDA:460,49,0,390
BRDA:460,49,1,388
BRDA:464,50,0,84
BRDA:464,50,1,302
BRDA:470,51,0,384
BRDA:470,51,1,6
BRDA:474,52,0,121
BRDA:474,52,1,263
BRDA:484,53,0,5
BRDA:484,53,1,722160
BRDA:501,54,0,720644
BRDA:501,54,1,60
BRDA:502,55,0,3
BRDA:502,55,1,720641
BRDA:509,56,0,57
BRDA:509,56,1,720583
BRDA:526,57,0,3
BRDA:526,57,1,86
BRDA:526,58,0,90
BRDA:526,58,1,71
BRDA:583,59,0,1
BRDA:583,59,1,6
BRDA:609,60,0,167
BRDA:609,60,1,288
BRDA:616,61,0,167
BRDA:616,61,1,288
BRDA:621,62,0,7
BRDA:621,62,1,160
BRDA:634,63,0,128
BRDA:634,63,1,160
BRDA:638,64,0,103
BRDA:638,64,1,25
BRDA:671,65,0,27
BRDA:671,65,1,26
BRDA:679,66,0,1040
BRDA:679,66,1,469
BRDA:679,66,2,612
BRDA:679,66,3,1067
BRDA:682,67,0,1040
BRDA:682,67,1,585
BRDA:685,68,0,56
BRDA:685,68,1,984
BRDA:687,69,0,49
BRDA:687,69,1,7
BRDA:696,70,0,15
BRDA:696,70,1,454
BRDA:707,71,0,7
BRDA:707,71,1,605
BRDA:707,72,0,612
BRDA:707,72,1,612
BRDA:715,73,0,27
BRDA:715,73,1,1040
BRDA:723,74,0,1037
BRDA:723,74,1,3
BRDA:725,75,0,25
BRDA:725,75,1,1012
BRDA:725,76,0,1037
BRDA:725,76,1,56
BRDA:725,76,2,56
BRDA:776,77,0,6
BRDA:776,77,1,28
BRDA:902,78,0,1
BRDA:902,78,1,196
BRDA:908,79,0,181
BRDA:908,79,1,15
BRDA:966,80,0,24
BRDA:966,80,1,3240
BRDA:981,81,0,2
BRDA:981,81,1,392
BRDA:995,82,0,29
BRDA:995,82,1,541
BRDA:1009,83,0,13
BRDA:1009,83,1,268
BRF:171
BRH:171
end_of_record
