TN:
SF:/home/david/qlobber/index.js
FNF:0
FNH:0
DA:3,1
LF:1
LH:1
BRF:0
BRH:0
end_of_record
TN:
SF:/home/david/qlobber/aedes/qlobber-sub.js
FN:8,QlobberSub
FN:16,(anonymous_1)
FN:25,(anonymous_2)
FN:46,(anonymous_3)
FN:59,(anonymous_4)
FN:87,(anonymous_5)
FN:105,(anonymous_6)
FN:114,(anonymous_7)
FN:119,(anonymous_8)
FNF:9
FNH:9
FNDA:13,QlobberSub
FNDA:20,(anonymous_1)
FNDA:10,(anonymous_2)
FNDA:12,(anonymous_3)
FNDA:14,(anonymous_4)
FNDA:5,(anonymous_5)
FNDA:19,(anonymous_6)
FNDA:11,(anonymous_7)
FNDA:1,(anonymous_8)
DA:4,1
DA:5,1
DA:6,1
DA:10,13
DA:11,13
DA:14,1
DA:16,1
DA:18,20
DA:20,20
DA:25,20
DA:27,10
DA:29,8
DA:31,14
DA:34,2
DA:36,1
DA:38,1
DA:43,20
DA:46,1
DA:48,12
DA:49,12
DA:51,12
DA:53,12
DA:55,11
DA:59,1
DA:62,14
DA:64,10
DA:66,12
DA:74,4
DA:76,2
DA:78,3
DA:87,1
DA:89,5
DA:90,5
DA:92,5
DA:94,5
DA:96,5
DA:98,4
DA:101,5
DA:105,1
DA:107,19
DA:109,19
DA:114,1
DA:116,11
DA:119,1
DA:121,1
DA:122,1
DA:125,1
DA:127,1
DA:128,1
DA:134,1
LF:50
LH:50
BRDA:27,0,0,8
BRDA:27,0,1,2
BRDA:34,1,0,1
BRDA:34,1,1,1
BRDA:53,2,0,11
BRDA:53,2,1,1
BRDA:62,3,0,10
BRDA:62,3,1,4
BRDA:74,4,0,2
BRDA:74,4,1,2
BRDA:96,5,0,4
BRDA:96,5,1,1
BRDA:109,6,0,19
BRDA:109,6,1,15
BRDA:109,6,2,13
BRF:15
BRH:15
end_of_record
TN:
SF:/home/david/qlobber/lib/qlobber.js
FN:117,Qlobber
FN:135,(anonymous_1)
FN:140,(anonymous_2)
FN:145,(anonymous_3)
FN:155,(anonymous_4)
FN:160,(anonymous_5)
FN:177,(anonymous_6)
FN:210,(anonymous_7)
FN:245,(anonymous_8)
FN:264,(anonymous_9)
FN:329,(anonymous_10)
FN:339,(anonymous_11)
FN:361,(anonymous_12)
FN:415,(anonymous_13)
FN:432,(anonymous_14)
FN:490,(anonymous_15)
FN:515,(anonymous_16)
FN:530,(anonymous_17)
FN:535,(anonymous_18)
FN:547,(anonymous_19)
FN:559,(anonymous_20)
FN:571,(anonymous_21)
FN:582,(anonymous_22)
FN:592,(anonymous_23)
FN:660,(anonymous_24)
FN:668,(anonymous_25)
FN:740,QlobberDedup
FN:747,(anonymous_27)
FN:752,(anonymous_28)
FN:757,(anonymous_29)
FN:759,(anonymous_30)
FN:765,(anonymous_31)
FN:783,(anonymous_32)
FN:794,(anonymous_33)
FN:812,QlobberTrue
FN:819,(anonymous_35)
FN:824,(anonymous_36)
FN:828,(anonymous_37)
FN:833,(anonymous_38)
FN:846,(anonymous_39)
FN:861,(anonymous_40)
FN:879,VisitorStream
FN:887,(anonymous_42)
FN:917,RestorerStream
FN:925,(anonymous_44)
FN:931,wrap_native
FN:935,(anonymous_46)
FN:950,(anonymous_47)
FN:964,(anonymous_48)
FN:977,(anonymous_49)
FN:980,(anonymous_50)
FNF:51
FNH:51
FNDA:88,Qlobber
FNDA:487,(anonymous_1)
FNDA:360011,(anonymous_2)
FNDA:1541,(anonymous_3)
FNDA:538,(anonymous_4)
FNDA:39,(anonymous_5)
FNDA:4322216,(anonymous_6)
FNDA:288,(anonymous_7)
FNDA:2908,(anonymous_8)
FNDA:5747,(anonymous_9)
FNDA:176,(anonymous_10)
FNDA:15381,(anonymous_11)
FNDA:28082,(anonymous_12)
FNDA:486,(anonymous_13)
FNDA:952,(anonymous_14)
FNDA:720643,(anonymous_15)
FNDA:89,(anonymous_16)
FNDA:91,(anonymous_17)
FNDA:29,(anonymous_18)
FNDA:1226,(anonymous_19)
FNDA:5727,(anonymous_20)
FNDA:7,(anonymous_21)
FNDA:29,(anonymous_22)
FNDA:7,(anonymous_23)
FNDA:22,(anonymous_24)
FNDA:2910,(anonymous_25)
FNDA:32,QlobberDedup
FNDA:395,(anonymous_27)
FNDA:360009,(anonymous_28)
FNDA:1280,(anonymous_29)
FNDA:121281,(anonymous_30)
FNDA:34,(anonymous_31)
FNDA:5732,(anonymous_32)
FNDA:85,(anonymous_33)
FNDA:9,QlobberTrue
FNDA:83,(anonymous_35)
FNDA:2,(anonymous_36)
FNDA:3,(anonymous_37)
FNDA:2,(anonymous_38)
FNDA:130,(anonymous_39)
FNDA:16,(anonymous_40)
FNDA:1,VisitorStream
FNDA:182,(anonymous_42)
FNDA:1,RestorerStream
FNDA:196,(anonymous_44)
FNDA:6,wrap_native
FNDA:19,(anonymous_46)
FNDA:29,(anonymous_47)
FNDA:14,(anonymous_48)
FNDA:7,(anonymous_49)
FNDA:1011,(anonymous_50)
DA:102,1
DA:119,88
DA:121,88
DA:122,88
DA:123,88
DA:124,88
DA:125,88
DA:127,2
DA:129,86
DA:131,9
DA:135,1
DA:137,487
DA:140,1
DA:142,360011
DA:145,1
DA:147,1541
DA:149,1541
DA:151,121543
DA:155,1
DA:157,538
DA:160,1
DA:162,39
DA:164,5
DA:167,34
DA:169,34
DA:171,32
DA:174,34
DA:177,1
DA:181,4322216
DA:183,720640
DA:185,720640
DA:187,720018
DA:191,622
DA:192,622
DA:195,720640
DA:198,3601576
DA:199,3601576
DA:201,3601576
DA:203,832
DA:204,832
DA:207,3601576
DA:210,1
DA:214,288
DA:216,83
DA:218,83
DA:220,71
DA:221,71
DA:224,12
DA:227,205
DA:228,205
DA:230,205
DA:232,6
DA:235,199
DA:237,199
DA:239,91
DA:242,199
DA:245,1
DA:249,2908
DA:251,3556
DA:253,780
DA:255,1392
DA:257,780
DA:261,2908
DA:264,1
DA:268,5747
DA:270,5747
DA:273,2908
DA:275,2908
DA:278,5747
DA:280,3347
DA:282,3347
DA:284,3113
DA:286,138
DA:287,138
DA:288,138
DA:290,2975
DA:292,153
DA:293,153
DA:297,2822
DA:303,2400
DA:305,2400
DA:307,2396
DA:309,2396
DA:311,500
DA:315,2400
DA:317,2360
DA:319,2360
DA:321,749
DA:326,5747
DA:329,1
DA:331,176
DA:336,176
DA:339,1
DA:343,15381
DA:345,19191
DA:347,4542
DA:349,7600
DA:351,896
DA:354,3646
DA:358,14485
DA:361,1
DA:365,28082
DA:367,28082
DA:370,15381
DA:374,1705
DA:378,26377
DA:380,16048
DA:382,16048
DA:384,1062
DA:389,10329
DA:391,10329
DA:393,10325
DA:395,10325
DA:397,503
DA:401,9826
DA:403,9750
DA:405,9750
DA:407,519
DA:412,24293
DA:415,1
DA:419,486
DA:421,608
DA:423,130
DA:425,232
DA:427,130
DA:432,1
DA:436,952
DA:438,952
DA:441,486
DA:443,486
DA:446,952
DA:448,562
DA:450,562
DA:452,540
DA:457,390
DA:459,390
DA:461,386
DA:463,386
DA:465,84
DA:469,390
DA:471,384
DA:473,384
DA:475,121
DA:490,1
DA:492,720643
DA:493,720643
DA:495,3
DA:499,720640
DA:500,720640
DA:502,57
DA:505,720643
DA:515,1
DA:517,89
DA:519,3
DA:521,89
DA:530,1
DA:532,91
DA:535,1
DA:537,29
DA:547,1
DA:549,1226
DA:559,1
DA:561,5727
DA:571,1
DA:573,7
DA:574,7
DA:576,1
DA:578,7
DA:582,1
DA:584,29
DA:592,1
DA:594,7
DA:595,7
DA:596,7
DA:598,7
DA:600,455
DA:602,167
DA:605,455
DA:607,455
DA:609,167
DA:611,167
DA:612,167
DA:614,7
DA:617,160
DA:618,160
DA:621,288
DA:622,288
DA:623,288
DA:625,288
DA:627,128
DA:629,128
DA:631,103
DA:633,108
DA:638,25
DA:641,128
DA:642,128
DA:645,160
DA:646,160
DA:647,160
DA:660,1
DA:662,22
DA:664,22
DA:665,22
DA:666,22
DA:668,22
DA:670,2910
DA:673,830
DA:674,830
DA:675,830
DA:676,830
DA:678,56
DA:680,49
DA:682,56
DA:684,830
DA:687,376
DA:689,13
DA:693,363
DA:695,376
DA:698,488
DA:700,6
DA:705,852
DA:706,852
DA:708,22
DA:709,22
DA:713,830
DA:714,830
DA:716,827
DA:720,25
DA:722,827
DA:724,830
DA:725,830
DA:727,852
DA:742,32
DA:745,1
DA:747,1
DA:749,395
DA:752,1
DA:754,360009
DA:757,1
DA:759,1280
DA:761,121281
DA:765,1
DA:767,34
DA:769,6
DA:772,28
DA:773,28
DA:783,1
DA:785,5732
DA:794,1
DA:796,85
DA:814,9
DA:817,1
DA:819,1
DA:821,83
DA:824,1
DA:828,1
DA:830,3
DA:833,1
DA:835,2
DA:846,1
DA:848,130
DA:861,1
DA:863,16
DA:866,1
DA:881,1
DA:882,1
DA:885,1
DA:887,1
DA:889,182
DA:891,197
DA:893,197
DA:895,1
DA:896,1
DA:899,196
DA:901,181
DA:919,1
DA:920,1
DA:923,1
DA:925,1
DA:927,196
DA:928,196
DA:937,19
DA:939,19
DA:941,2526
DA:942,2526
DA:944,19
DA:946,2507
DA:951,29
DA:953,29
DA:955,570
DA:956,570
DA:958,29
DA:960,541
DA:966,14
DA:967,14
DA:969,14
DA:971,1703
DA:974,14
DA:979,7
DA:980,7
DA:981,1011
DA:986,6
DA:987,6
DA:989,6
DA:992,1
DA:994,1
DA:995,1
DA:996,1
DA:997,1
DA:998,1
DA:999,1
DA:1005,1
DA:1006,1
DA:1007,1
DA:1008,1
DA:1009,1
DA:1010,1
LF:317
LH:317
BRDA:119,0,0,88
BRDA:119,0,1,61
BRDA:121,1,0,88
BRDA:121,1,1,72
BRDA:122,2,0,88
BRDA:122,2,1,72
BRDA:123,3,0,88
BRDA:123,3,1,72
BRDA:125,4,0,2
BRDA:125,4,1,86
BRDA:129,5,0,9
BRDA:129,5,1,77
BRDA:162,6,0,5
BRDA:162,6,1,34
BRDA:169,7,0,32
BRDA:169,7,1,2
BRDA:181,8,0,720640
BRDA:181,8,1,3601576
BRDA:185,9,0,720018
BRDA:185,9,1,622
BRDA:201,10,0,832
BRDA:201,10,1,3600744
BRDA:214,11,0,83
BRDA:214,11,1,205
BRDA:218,12,0,71
BRDA:218,12,1,12
BRDA:218,13,0,83
BRDA:218,13,1,81
BRDA:230,14,0,6
BRDA:230,14,1,199
BRDA:237,15,0,91
BRDA:237,15,1,108
BRDA:251,16,0,780
BRDA:251,16,1,2776
BRDA:270,17,0,2908
BRDA:270,17,1,2839
BRDA:278,18,0,3347
BRDA:278,18,1,2400
BRDA:282,19,0,3113
BRDA:282,19,1,234
BRDA:284,20,0,138
BRDA:284,20,1,2975
BRDA:290,21,0,153
BRDA:290,21,1,2822
BRDA:305,22,0,2396
BRDA:305,22,1,4
BRDA:305,23,0,2400
BRDA:305,23,1,2398
BRDA:309,24,0,500
BRDA:309,24,1,1896
BRDA:315,25,0,2360
BRDA:315,25,1,40
BRDA:319,26,0,749
BRDA:319,26,1,1611
BRDA:336,27,0,176
BRDA:336,27,1,138
BRDA:345,28,0,4542
BRDA:345,28,1,14649
BRDA:349,29,0,896
BRDA:349,29,1,6704
BRDA:367,30,0,15381
BRDA:367,30,1,12701
BRDA:370,31,0,1705
BRDA:370,31,1,13676
BRDA:370,32,0,15381
BRDA:370,32,1,14485
BRDA:378,33,0,16048
BRDA:378,33,1,10329
BRDA:382,34,0,1062
BRDA:382,34,1,14986
BRDA:382,35,0,16048
BRDA:382,35,1,15130
BRDA:391,36,0,10325
BRDA:391,36,1,4
BRDA:391,37,0,10329
BRDA:391,37,1,10327
BRDA:395,38,0,503
BRDA:395,38,1,9822
BRDA:395,39,0,10325
BRDA:395,39,1,2160
BRDA:401,40,0,9750
BRDA:401,40,1,76
BRDA:405,41,0,519
BRDA:405,41,1,9231
BRDA:405,42,0,9750
BRDA:405,42,1,2611
BRDA:421,43,0,130
BRDA:421,43,1,478
BRDA:438,44,0,486
BRDA:438,44,1,466
BRDA:446,45,0,562
BRDA:446,45,1,390
BRDA:450,46,0,540
BRDA:450,46,1,22
BRDA:459,47,0,386
BRDA:459,47,1,4
BRDA:459,48,0,390
BRDA:459,48,1,388
BRDA:463,49,0,84
BRDA:463,49,1,302
BRDA:469,50,0,384
BRDA:469,50,1,6
BRDA:473,51,0,121
BRDA:473,51,1,263
BRDA:492,52,0,720643
BRDA:492,52,1,60
BRDA:493,53,0,3
BRDA:493,53,1,720640
BRDA:500,54,0,57
BRDA:500,54,1,720583
BRDA:517,55,0,3
BRDA:517,55,1,86
BRDA:517,56,0,89
BRDA:517,56,1,71
BRDA:574,57,0,1
BRDA:574,57,1,6
BRDA:600,58,0,167
BRDA:600,58,1,288
BRDA:607,59,0,167
BRDA:607,59,1,288
BRDA:612,60,0,7
BRDA:612,60,1,160
BRDA:625,61,0,128
BRDA:625,61,1,160
BRDA:629,62,0,103
BRDA:629,62,1,25
BRDA:662,63,0,22
BRDA:662,63,1,21
BRDA:670,64,0,830
BRDA:670,64,1,376
BRDA:670,64,2,488
BRDA:670,64,3,852
BRDA:673,65,0,830
BRDA:673,65,1,466
BRDA:676,66,0,56
BRDA:676,66,1,774
BRDA:678,67,0,49
BRDA:678,67,1,7
BRDA:687,68,0,13
BRDA:687,68,1,363
BRDA:698,69,0,6
BRDA:698,69,1,482
BRDA:698,70,0,488
BRDA:698,70,1,488
BRDA:706,71,0,22
BRDA:706,71,1,830
BRDA:714,72,0,827
BRDA:714,72,1,3
BRDA:716,73,0,25
BRDA:716,73,1,802
BRDA:716,74,0,827
BRDA:716,74,1,56
BRDA:716,74,2,56
BRDA:767,75,0,6
BRDA:767,75,1,28
BRDA:893,76,0,1
BRDA:893,76,1,196
BRDA:899,77,0,181
BRDA:899,77,1,15
BRDA:942,78,0,19
BRDA:942,78,1,2507
BRDA:956,79,0,29
BRDA:956,79,1,541
BRF:163
BRH:163
end_of_record
